# JRE version: OpenJDK Runtime Environment (17.0.9) (build 17.0.9+0--11185874)
# Java VM: OpenJDK 64-Bit Server VM (17.0.9+0--11185874, mixed mode, tiered, compressed oops, compressed class ptrs, g1 gc, windows-amd64)
GC Precious Log:
 CPUs: 16 total, 16 available
 Memory: 15741M
 Large Page Support: Disabled
 NUMA Support: Disabled
 Compressed Oops: Enabled (32-bit)
 Heap Region Size: 1M
 Heap Min Capacity: 8M
 Heap Initial Capacity: 246M
 Heap Max Capacity: 2G
 Pre-touch: Disabled
 Parallel Workers: 13
 Concurrent Workers: 3
 Concurrent Refinement Workers: 13
 Periodic GC: Disabled
Heap:
 garbage-first heap   total 296960K, used 188645K [0x0000000080000000, 0x0000000100000000)
  region size 1024K, 24 young (24576K), 8 survivors (8192K)
 Metaspace       used 148317K, committed 149120K, reserved 1179648K
  class space    used 19147K, committed 19520K, reserved 1048576K
GC Heap History (20 events):
Event: 13.618 GC heap before
{Heap before GC invocations=47 (full 0):
 garbage-first heap   total 246784K, used 198635K [0x0000000080000000, 0x0000000100000000)
  region size 1024K, 69 young (70656K), 1 survivors (1024K)
 Metaspace       used 117227K, committed 117888K, reserved 1179648K
  class space    used 15482K, committed 15744K, reserved 1048576K
}
Event: 13.620 GC heap after
{Heap after GC invocations=48 (full 0):
 garbage-first heap   total 246784K, used 132339K [0x0000000080000000, 0x0000000100000000)
  region size 1024K, 5 young (5120K), 5 survivors (5120K)
 Metaspace       used 117227K, committed 117888K, reserved 1179648K
  class space    used 15482K, committed 15744K, reserved 1048576K
}
Event: 14.318 GC heap before
{Heap before GC invocations=49 (full 0):
 garbage-first heap   total 246784K, used 204019K [0x0000000080000000, 0x0000000100000000)
  region size 1024K, 72 young (73728K), 5 survivors (5120K)
 Metaspace       used 126753K, committed 127424K, reserved 1179648K
  class space    used 16466K, committed 16768K, reserved 1048576K
}
Event: 14.321 GC heap after
{Heap after GC invocations=50 (full 0):
 garbage-first heap   total 246784K, used 138324K [0x0000000080000000, 0x0000000100000000)
  region size 1024K, 8 young (8192K), 8 survivors (8192K)
 Metaspace       used 126753K, committed 127424K, reserved 1179648K
  class space    used 16466K, committed 16768K, reserved 1048576K
}
Event: 14.360 GC heap before
{Heap before GC invocations=50 (full 0):
 garbage-first heap   total 246784K, used 142420K [0x0000000080000000, 0x0000000100000000)
  region size 1024K, 12 young (12288K), 8 survivors (8192K)
 Metaspace       used 126988K, committed 127680K, reserved 1179648K
  class space    used 16506K, committed 16832K, reserved 1048576K
}
Event: 14.362 GC heap after
{Heap after GC invocations=51 (full 0):
 garbage-first heap   total 246784K, used 139260K [0x0000000080000000, 0x0000000100000000)
  region size 1024K, 2 young (2048K), 2 survivors (2048K)
 Metaspace       used 126988K, committed 127680K, reserved 1179648K
  class space    used 16506K, committed 16832K, reserved 1048576K
}
Event: 15.071 GC heap before
{Heap before GC invocations=51 (full 0):
 garbage-first heap   total 246784K, used 205820K [0x0000000080000000, 0x0000000100000000)
  region size 1024K, 65 young (66560K), 2 survivors (2048K)
 Metaspace       used 132437K, committed 133248K, reserved 1179648K
  class space    used 17169K, committed 17536K, reserved 1048576K
}
Event: 15.073 GC heap after
{Heap after GC invocations=52 (full 0):
 garbage-first heap   total 246784K, used 143420K [0x0000000080000000, 0x0000000100000000)
  region size 1024K, 5 young (5120K), 5 survivors (5120K)
 Metaspace       used 132437K, committed 133248K, reserved 1179648K
  class space    used 17169K, committed 17536K, reserved 1048576K
}
Event: 15.582 GC heap before
{Heap before GC invocations=52 (full 0):
 garbage-first heap   total 246784K, used 189500K [0x0000000080000000, 0x0000000100000000)
  region size 1024K, 51 young (52224K), 5 survivors (5120K)
 Metaspace       used 136855K, committed 137600K, reserved 1179648K
  class space    used 17736K, committed 18112K, reserved 1048576K
}
Event: 15.585 GC heap after
{Heap after GC invocations=53 (full 0):
 garbage-first heap   total 246784K, used 146480K [0x0000000080000000, 0x0000000100000000)
  region size 1024K, 8 young (8192K), 8 survivors (8192K)
 Metaspace       used 136855K, committed 137600K, reserved 1179648K
  class space    used 17736K, committed 18112K, reserved 1048576K
}
Event: 16.083 GC heap before
{Heap before GC invocations=54 (full 0):
 garbage-first heap   total 276480K, used 210992K [0x0000000080000000, 0x0000000100000000)
  region size 1024K, 65 young (66560K), 8 survivors (8192K)
 Metaspace       used 139971K, committed 140800K, reserved 1179648K
  class space    used 18175K, committed 18560K, reserved 1048576K
}
Event: 16.086 GC heap after
{Heap after GC invocations=55 (full 0):
 garbage-first heap   total 276480K, used 150506K [0x0000000080000000, 0x0000000100000000)
  region size 1024K, 7 young (7168K), 7 survivors (7168K)
 Metaspace       used 139971K, committed 140800K, reserved 1179648K
  class space    used 18175K, committed 18560K, reserved 1048576K
}
Event: 16.149 GC heap before
{Heap before GC invocations=55 (full 0):
 garbage-first heap   total 276480K, used 156650K [0x0000000080000000, 0x0000000100000000)
  region size 1024K, 13 young (13312K), 7 survivors (7168K)
 Metaspace       used 140393K, committed 141184K, reserved 1179648K
  class space    used 18216K, committed 18560K, reserved 1048576K
}
Event: 16.152 GC heap after
{Heap after GC invocations=56 (full 0):
 garbage-first heap   total 276480K, used 147862K [0x0000000080000000, 0x0000000100000000)
  region size 1024K, 2 young (2048K), 2 survivors (2048K)
 Metaspace       used 140393K, committed 141184K, reserved 1179648K
  class space    used 18216K, committed 18560K, reserved 1048576K
}
Event: 16.976 GC heap before
{Heap before GC invocations=56 (full 0):
 garbage-first heap   total 276480K, used 224662K [0x0000000080000000, 0x0000000100000000)
  region size 1024K, 74 young (75776K), 2 survivors (2048K)
 Metaspace       used 146052K, committed 146816K, reserved 1179648K
  class space    used 18997K, committed 19392K, reserved 1048576K
}
Event: 16.979 GC heap after
{Heap after GC invocations=57 (full 0):
 garbage-first heap   total 276480K, used 157236K [0x0000000080000000, 0x0000000100000000)
  region size 1024K, 7 young (7168K), 7 survivors (7168K)
 Metaspace       used 146052K, committed 146816K, reserved 1179648K
  class space    used 18997K, committed 19392K, reserved 1048576K
}
Event: 17.318 GC heap before
{Heap before GC invocations=57 (full 0):
 garbage-first heap   total 276480K, used 225844K [0x0000000080000000, 0x0000000100000000)
  region size 1024K, 74 young (75776K), 7 survivors (7168K)
 Metaspace       used 146420K, committed 147200K, reserved 1179648K
  class space    used 19025K, committed 19392K, reserved 1048576K
}
Event: 17.324 GC heap after
{Heap after GC invocations=58 (full 0):
 garbage-first heap   total 276480K, used 165308K [0x0000000080000000, 0x0000000100000000)
  region size 1024K, 9 young (9216K), 9 survivors (9216K)
 Metaspace       used 146420K, committed 147200K, reserved 1179648K
  class space    used 19025K, committed 19392K, reserved 1048576K
}
Event: 17.885 GC heap before
{Heap before GC invocations=58 (full 0):
 garbage-first heap   total 276480K, used 227772K [0x0000000080000000, 0x0000000100000000)
  region size 1024K, 70 young (71680K), 9 survivors (9216K)
 Metaspace       used 147290K, committed 148032K, reserved 1179648K
  class space    used 19074K, committed 19456K, reserved 1048576K
}
Event: 17.890 GC heap after
{Heap after GC invocations=59 (full 0):
 garbage-first heap   total 276480K, used 173285K [0x0000000080000000, 0x0000000100000000)
  region size 1024K, 8 young (8192K), 8 survivors (8192K)
 Metaspace       used 147290K, committed 148032K, reserved 1179648K
  class space    used 19074K, committed 19456K, reserved 1048576K
}

